2017-01-25 17:43:06 - MOD: Modification Default

FILE: system/engine/action.php
REGEX: ~(require|include)(_once)?\(([^)]+)~
LINE: 41

FILE: system/engine/loader.php
REGEX: ~(require|include)(_once)?\(([^)]+)~
LINE: 49
LINE: 108
LINE: 120
LINE: 165

FILE: system/library/config.php
REGEX: ~(require|include)(_once)?\(([^)]+)~
LINE: 23

FILE: system/library/language.php
REGEX: ~(require|include)(_once)?\(([^)]+)~
LINE: 38
LINE: 40
LINE: 49
LINE: 51
LINE: 60
LINE: 62

FILE: system/library/template/php.php
REGEX: ~(require|include)(_once)?\(([^)]+)~
LINE: 18

FILE: system/library/template/tiwg.php
REGEX: ~(require|include)(_once)?\(([^)]+)~
LINE: 24
----------------------------------------------------------------
MOD: OcStore 2.3.x track number

FILE: admin/controller/sale/order.php
CODE: $data['shipping_method'] = $order_info['shipping_method'];
LINE: 567
LINE: 942
CODE: public function history() {
LINE: 1545

FILE: admin/model/sale/order.php
CODE: $order_query->row['order_id'],
LINE: 96

FILE: catalog/model/checkout/order.php
CODE: $order_query->row['order_id'],
LINE: 170

FILE: admin/view/template/sale/order_info.tpl
CODE: <td><?php echo $text_reward; ?></td>
LINE: 100
CODE: <?php echo $footer; ?>
LINE: 700
CODE: $order_query->row['order_id'],
NOT FOUND - OPERATIONS ABORTED!

FILE: catalog/model/account/order.php
CODE: $order_query->row['order_id'],
LINE: 46

FILE: catalog/controller/account/order.php
CODE: if ($order_info['invoice_no']) {
LINE: 210

FILE: catalog/view/theme/default/template/account/order_info.tpl
CODE: <b><?php echo $text_shipping_method; ?></b> <?php echo $shipping_method; ?>
LINE: 49
----------------------------------------------------------------
2017-01-25 18:44:06 - MOD: Modification Default

FILE: system/engine/action.php
REGEX: ~(require|include)(_once)?\(([^)]+)~
LINE: 41

FILE: system/engine/loader.php
REGEX: ~(require|include)(_once)?\(([^)]+)~
LINE: 49
LINE: 108
LINE: 120
LINE: 165

FILE: system/library/config.php
REGEX: ~(require|include)(_once)?\(([^)]+)~
LINE: 23

FILE: system/library/language.php
REGEX: ~(require|include)(_once)?\(([^)]+)~
LINE: 38
LINE: 40
LINE: 49
LINE: 51
LINE: 60
LINE: 62

FILE: system/library/template/php.php
REGEX: ~(require|include)(_once)?\(([^)]+)~
LINE: 18

FILE: system/library/template/tiwg.php
REGEX: ~(require|include)(_once)?\(([^)]+)~
LINE: 24
----------------------------------------------------------------
MOD: OcStore 2.3.x track number

FILE: admin/controller/sale/order.php
CODE: $data['shipping_method'] = $order_info['shipping_method'];
LINE: 567
LINE: 942
CODE: public function history() {
LINE: 1545

FILE: admin/model/sale/order.php
CODE: $order_query->row['order_id'],
LINE: 96

FILE: catalog/model/checkout/order.php
CODE: $order_query->row['order_id'],
LINE: 170

FILE: admin/view/template/sale/order_info.tpl
CODE: <td><?php echo $text_reward; ?></td>
LINE: 100
CODE: <?php echo $footer; ?>
LINE: 700
CODE: $order_query->row['order_id'],
NOT FOUND - OPERATIONS ABORTED!

FILE: catalog/model/account/order.php
CODE: $order_query->row['order_id'],
LINE: 46

FILE: catalog/controller/account/order.php
CODE: if ($order_info['invoice_no']) {
LINE: 210

FILE: catalog/view/theme/default/template/account/order_info.tpl
CODE: <b><?php echo $text_shipping_method; ?></b> <?php echo $shipping_method; ?>
LINE: 49
----------------------------------------------------------------
2017-01-25 20:49:11 - MOD: Modification Default

FILE: system/engine/action.php
REGEX: ~(require|include)(_once)?\(([^)]+)~
LINE: 41

FILE: system/engine/loader.php
REGEX: ~(require|include)(_once)?\(([^)]+)~
LINE: 49
LINE: 108
LINE: 120
LINE: 165

FILE: system/library/config.php
REGEX: ~(require|include)(_once)?\(([^)]+)~
LINE: 23

FILE: system/library/language.php
REGEX: ~(require|include)(_once)?\(([^)]+)~
LINE: 38
LINE: 40
LINE: 49
LINE: 51
LINE: 60
LINE: 62

FILE: system/library/template/php.php
REGEX: ~(require|include)(_once)?\(([^)]+)~
LINE: 18

FILE: system/library/template/tiwg.php
REGEX: ~(require|include)(_once)?\(([^)]+)~
LINE: 24
----------------------------------------------------------------
MOD: OcStore 2.3.x track number

FILE: admin/controller/sale/order.php
CODE: $data['shipping_method'] = $order_info['shipping_method'];
LINE: 567
LINE: 942
CODE: public function history() {
LINE: 1545

FILE: admin/model/sale/order.php
CODE: $order_query->row['order_id'],
LINE: 96

FILE: catalog/model/checkout/order.php
CODE: $order_query->row['order_id'],
LINE: 170

FILE: admin/view/template/sale/order_info.tpl
CODE: <td><?php echo $text_reward; ?></td>
LINE: 100
CODE: <?php echo $footer; ?>
LINE: 700
CODE: $order_query->row['order_id'],
NOT FOUND - OPERATIONS ABORTED!

FILE: catalog/model/account/order.php
CODE: $order_query->row['order_id'],
LINE: 46

FILE: catalog/controller/account/order.php
CODE: if ($order_info['invoice_no']) {
LINE: 210

FILE: catalog/view/theme/default/template/account/order_info.tpl
CODE: <b><?php echo $text_shipping_method; ?></b> <?php echo $shipping_method; ?>
LINE: 49
----------------------------------------------------------------
2017-01-27 20:45:59 - MOD: Modification Default

FILE: system/engine/action.php
REGEX: ~(require|include)(_once)?\(([^)]+)~
LINE: 41

FILE: system/engine/loader.php
REGEX: ~(require|include)(_once)?\(([^)]+)~
LINE: 49
LINE: 108
LINE: 120
LINE: 165

FILE: system/library/config.php
REGEX: ~(require|include)(_once)?\(([^)]+)~
LINE: 23

FILE: system/library/language.php
REGEX: ~(require|include)(_once)?\(([^)]+)~
LINE: 38
LINE: 40
LINE: 49
LINE: 51
LINE: 60
LINE: 62

FILE: system/library/template/php.php
REGEX: ~(require|include)(_once)?\(([^)]+)~
LINE: 18

FILE: system/library/template/tiwg.php
REGEX: ~(require|include)(_once)?\(([^)]+)~
LINE: 24
----------------------------------------------------------------
MOD: OcStore 2.3.x track number

FILE: admin/controller/sale/order.php
CODE: $data['shipping_method'] = $order_info['shipping_method'];
LINE: 567
LINE: 942
CODE: public function history() {
LINE: 1545

FILE: admin/model/sale/order.php
CODE: $order_query->row['order_id'],
LINE: 96

FILE: catalog/model/checkout/order.php
CODE: $order_query->row['order_id'],
LINE: 170

FILE: admin/view/template/sale/order_info.tpl
CODE: <td><?php echo $text_reward; ?></td>
LINE: 100
CODE: <?php echo $footer; ?>
LINE: 700
CODE: $order_query->row['order_id'],
NOT FOUND - OPERATIONS ABORTED!

FILE: catalog/model/account/order.php
CODE: $order_query->row['order_id'],
LINE: 46

FILE: catalog/controller/account/order.php
CODE: if ($order_info['invoice_no']) {
LINE: 210

FILE: catalog/view/theme/default/template/account/order_info.tpl
CODE: <b><?php echo $text_shipping_method; ?></b> <?php echo $shipping_method; ?>
LINE: 40
----------------------------------------------------------------
2017-01-27 20:53:02 - MOD: Modification Default

FILE: system/engine/action.php
REGEX: ~(require|include)(_once)?\(([^)]+)~
LINE: 41

FILE: system/engine/loader.php
REGEX: ~(require|include)(_once)?\(([^)]+)~
LINE: 49
LINE: 108
LINE: 120
LINE: 165

FILE: system/library/config.php
REGEX: ~(require|include)(_once)?\(([^)]+)~
LINE: 23

FILE: system/library/language.php
REGEX: ~(require|include)(_once)?\(([^)]+)~
LINE: 38
LINE: 40
LINE: 49
LINE: 51
LINE: 60
LINE: 62

FILE: system/library/template/php.php
REGEX: ~(require|include)(_once)?\(([^)]+)~
LINE: 18

FILE: system/library/template/tiwg.php
REGEX: ~(require|include)(_once)?\(([^)]+)~
LINE: 24
----------------------------------------------------------------
MOD: OcStore 2.3.x track number

FILE: admin/controller/sale/order.php
CODE: $data['shipping_method'] = $order_info['shipping_method'];
LINE: 567
LINE: 942
CODE: public function history() {
LINE: 1545

FILE: admin/model/sale/order.php
CODE: $order_query->row['order_id'],
LINE: 96

FILE: catalog/model/checkout/order.php
CODE: $order_query->row['order_id'],
LINE: 170

FILE: admin/view/template/sale/order_info.tpl
CODE: <td><?php echo $text_reward; ?></td>
LINE: 100
CODE: <?php echo $footer; ?>
LINE: 700
CODE: $order_query->row['order_id'],
NOT FOUND - OPERATIONS ABORTED!

FILE: catalog/model/account/order.php
CODE: $order_query->row['order_id'],
LINE: 46

FILE: catalog/controller/account/order.php
CODE: if ($order_info['invoice_no']) {
LINE: 211

FILE: catalog/view/theme/default/template/account/order_info.tpl
CODE: <b><?php echo $text_shipping_method; ?></b> <?php echo $shipping_method; ?>
LINE: 39
----------------------------------------------------------------
2017-01-27 21:13:17 - MOD: Modification Default

FILE: system/engine/action.php
REGEX: ~(require|include)(_once)?\(([^)]+)~
LINE: 41

FILE: system/engine/loader.php
REGEX: ~(require|include)(_once)?\(([^)]+)~
LINE: 49
LINE: 108
LINE: 120
LINE: 165

FILE: system/library/config.php
REGEX: ~(require|include)(_once)?\(([^)]+)~
LINE: 23

FILE: system/library/language.php
REGEX: ~(require|include)(_once)?\(([^)]+)~
LINE: 38
LINE: 40
LINE: 49
LINE: 51
LINE: 60
LINE: 62

FILE: system/library/template/php.php
REGEX: ~(require|include)(_once)?\(([^)]+)~
LINE: 18

FILE: system/library/template/tiwg.php
REGEX: ~(require|include)(_once)?\(([^)]+)~
LINE: 24
----------------------------------------------------------------
MOD: OcStore 2.3.x track number

FILE: admin/controller/sale/order.php
CODE: $data['shipping_method'] = $order_info['shipping_method'];
LINE: 567
LINE: 942
CODE: public function history() {
LINE: 1545

FILE: admin/model/sale/order.php
CODE: $order_query->row['order_id'],
LINE: 96

FILE: catalog/model/checkout/order.php
CODE: $order_query->row['order_id'],
LINE: 170

FILE: admin/view/template/sale/order_info.tpl
CODE: <td><?php echo $text_reward; ?></td>
LINE: 100
CODE: <?php echo $footer; ?>
LINE: 700
CODE: $order_query->row['order_id'],
NOT FOUND - OPERATIONS ABORTED!

FILE: catalog/model/account/order.php
CODE: $order_query->row['order_id'],
LINE: 46

FILE: catalog/controller/account/order.php
CODE: if ($order_info['invoice_no']) {
LINE: 211

FILE: catalog/view/theme/default/template/account/order_info.tpl
CODE: <b><?php echo $text_shipping_method; ?></b> <?php echo $shipping_method; ?>
LINE: 39
----------------------------------------------------------------
2017-01-27 21:30:16 - MOD: Modification Default

FILE: system/engine/action.php
REGEX: ~(require|include)(_once)?\(([^)]+)~
LINE: 41

FILE: system/engine/loader.php
REGEX: ~(require|include)(_once)?\(([^)]+)~
LINE: 49
LINE: 108
LINE: 120
LINE: 165

FILE: system/library/config.php
REGEX: ~(require|include)(_once)?\(([^)]+)~
LINE: 23

FILE: system/library/language.php
REGEX: ~(require|include)(_once)?\(([^)]+)~
LINE: 38
LINE: 40
LINE: 49
LINE: 51
LINE: 60
LINE: 62

FILE: system/library/template/php.php
REGEX: ~(require|include)(_once)?\(([^)]+)~
LINE: 18

FILE: system/library/template/tiwg.php
REGEX: ~(require|include)(_once)?\(([^)]+)~
LINE: 24
----------------------------------------------------------------
MOD: OcStore 2.3.x track number

FILE: admin/controller/sale/order.php
CODE: $data['shipping_method'] = $order_info['shipping_method'];
LINE: 567
LINE: 942
CODE: public function history() {
LINE: 1545

FILE: admin/model/sale/order.php
CODE: $order_query->row['order_id'],
LINE: 96

FILE: catalog/model/checkout/order.php
CODE: $order_query->row['order_id'],
LINE: 170

FILE: admin/view/template/sale/order_info.tpl
CODE: <td><?php echo $text_reward; ?></td>
LINE: 100
CODE: <?php echo $footer; ?>
LINE: 700
CODE: $order_query->row['order_id'],
NOT FOUND - OPERATIONS ABORTED!

FILE: catalog/model/account/order.php
CODE: $order_query->row['order_id'],
LINE: 46

FILE: catalog/controller/account/order.php
CODE: if ($order_info['invoice_no']) {
LINE: 211

FILE: catalog/view/theme/default/template/account/order_info.tpl
CODE: <b><?php echo $text_shipping_method; ?></b> <?php echo $shipping_method; ?>
LINE: 39
----------------------------------------------------------------
2017-01-28 1:35:45 - MOD: Modification Default

FILE: system/engine/action.php
REGEX: ~(require|include)(_once)?\(([^)]+)~
LINE: 41

FILE: system/engine/loader.php
REGEX: ~(require|include)(_once)?\(([^)]+)~
LINE: 49
LINE: 108
LINE: 120
LINE: 165

FILE: system/library/config.php
REGEX: ~(require|include)(_once)?\(([^)]+)~
LINE: 23

FILE: system/library/language.php
REGEX: ~(require|include)(_once)?\(([^)]+)~
LINE: 38
LINE: 40
LINE: 49
LINE: 51
LINE: 60
LINE: 62

FILE: system/library/template/php.php
REGEX: ~(require|include)(_once)?\(([^)]+)~
LINE: 18

FILE: system/library/template/tiwg.php
REGEX: ~(require|include)(_once)?\(([^)]+)~
LINE: 24
----------------------------------------------------------------
MOD: OcStore 2.3.x track number

FILE: admin/controller/sale/order.php
CODE: $data['shipping_method'] = $order_info['shipping_method'];
LINE: 567
LINE: 942
CODE: public function history() {
LINE: 1545

FILE: admin/model/sale/order.php
CODE: $order_query->row['order_id'],
LINE: 96

FILE: catalog/model/checkout/order.php
CODE: $order_query->row['order_id'],
LINE: 170

FILE: admin/view/template/sale/order_info.tpl
CODE: <td><?php echo $text_reward; ?></td>
LINE: 100
CODE: <?php echo $footer; ?>
LINE: 700
CODE: $order_query->row['order_id'],
NOT FOUND - OPERATIONS ABORTED!

FILE: catalog/model/account/order.php
CODE: $order_query->row['order_id'],
LINE: 46

FILE: catalog/controller/account/order.php
CODE: if ($order_info['invoice_no']) {
LINE: 211

FILE: catalog/view/theme/default/template/account/order_info.tpl
CODE: <b><?php echo $text_shipping_method; ?></b> <?php echo $shipping_method; ?>
LINE: 39
----------------------------------------------------------------
2017-01-28 1:41:22 - MOD: Modification Default

FILE: system/engine/action.php
REGEX: ~(require|include)(_once)?\(([^)]+)~
LINE: 41

FILE: system/engine/loader.php
REGEX: ~(require|include)(_once)?\(([^)]+)~
LINE: 49
LINE: 108
LINE: 120
LINE: 165

FILE: system/library/config.php
REGEX: ~(require|include)(_once)?\(([^)]+)~
LINE: 23

FILE: system/library/language.php
REGEX: ~(require|include)(_once)?\(([^)]+)~
LINE: 38
LINE: 40
LINE: 49
LINE: 51
LINE: 60
LINE: 62

FILE: system/library/template/php.php
REGEX: ~(require|include)(_once)?\(([^)]+)~
LINE: 18

FILE: system/library/template/tiwg.php
REGEX: ~(require|include)(_once)?\(([^)]+)~
LINE: 24
----------------------------------------------------------------
MOD: OcStore 2.3.x track number

FILE: admin/controller/sale/order.php
CODE: $data['shipping_method'] = $order_info['shipping_method'];
LINE: 567
LINE: 942
CODE: public function history() {
LINE: 1545

FILE: admin/model/sale/order.php
CODE: $order_query->row['order_id'],
LINE: 96

FILE: catalog/model/checkout/order.php
CODE: $order_query->row['order_id'],
LINE: 170

FILE: admin/view/template/sale/order_info.tpl
CODE: <td><?php echo $text_reward; ?></td>
LINE: 100
CODE: <?php echo $footer; ?>
LINE: 700
CODE: $order_query->row['order_id'],
NOT FOUND - OPERATIONS ABORTED!

FILE: catalog/model/account/order.php
CODE: $order_query->row['order_id'],
LINE: 46

FILE: catalog/controller/account/order.php
CODE: if ($order_info['invoice_no']) {
LINE: 211

FILE: catalog/view/theme/default/template/account/order_info.tpl
CODE: <b><?php echo $text_shipping_method; ?></b> <?php echo $shipping_method; ?>
LINE: 39
----------------------------------------------------------------
2017-01-28 1:45:52 - MOD: Modification Default

FILE: system/engine/action.php
REGEX: ~(require|include)(_once)?\(([^)]+)~
LINE: 41

FILE: system/engine/loader.php
REGEX: ~(require|include)(_once)?\(([^)]+)~
LINE: 49
LINE: 108
LINE: 120
LINE: 165

FILE: system/library/config.php
REGEX: ~(require|include)(_once)?\(([^)]+)~
LINE: 23

FILE: system/library/language.php
REGEX: ~(require|include)(_once)?\(([^)]+)~
LINE: 38
LINE: 40
LINE: 49
LINE: 51
LINE: 60
LINE: 62

FILE: system/library/template/php.php
REGEX: ~(require|include)(_once)?\(([^)]+)~
LINE: 18

FILE: system/library/template/tiwg.php
REGEX: ~(require|include)(_once)?\(([^)]+)~
LINE: 24
----------------------------------------------------------------
MOD: OcStore 2.3.x track number

FILE: admin/controller/sale/order.php
CODE: $data['shipping_method'] = $order_info['shipping_method'];
LINE: 567
LINE: 942
CODE: public function history() {
LINE: 1545

FILE: admin/model/sale/order.php
CODE: $order_query->row['order_id'],
LINE: 96

FILE: catalog/model/checkout/order.php
CODE: $order_query->row['order_id'],
LINE: 170

FILE: admin/view/template/sale/order_info.tpl
CODE: <td><?php echo $text_reward; ?></td>
LINE: 100
CODE: <?php echo $footer; ?>
LINE: 700
CODE: $order_query->row['order_id'],
NOT FOUND - OPERATIONS ABORTED!

FILE: catalog/model/account/order.php
CODE: $order_query->row['order_id'],
LINE: 46

FILE: catalog/controller/account/order.php
CODE: if ($order_info['invoice_no']) {
LINE: 211

FILE: catalog/view/theme/default/template/account/order_info.tpl
CODE: <b><?php echo $text_shipping_method; ?></b> <?php echo $shipping_method; ?>
LINE: 39
----------------------------------------------------------------
2017-01-29 14:51:41 - MOD: Modification Default

FILE: system/engine/action.php
REGEX: ~(require|include)(_once)?\(([^)]+)~
LINE: 41

FILE: system/engine/loader.php
REGEX: ~(require|include)(_once)?\(([^)]+)~
LINE: 49
LINE: 108
LINE: 120
LINE: 165

FILE: system/library/config.php
REGEX: ~(require|include)(_once)?\(([^)]+)~
LINE: 23

FILE: system/library/language.php
REGEX: ~(require|include)(_once)?\(([^)]+)~
LINE: 38
LINE: 40
LINE: 49
LINE: 51
LINE: 60
LINE: 62

FILE: system/library/template/php.php
REGEX: ~(require|include)(_once)?\(([^)]+)~
LINE: 18

FILE: system/library/template/tiwg.php
REGEX: ~(require|include)(_once)?\(([^)]+)~
LINE: 24
----------------------------------------------------------------
MOD: OcStore 2.3.x track number

FILE: admin/controller/sale/order.php
CODE: $data['shipping_method'] = $order_info['shipping_method'];
LINE: 567
LINE: 942
CODE: public function history() {
LINE: 1545

FILE: admin/model/sale/order.php
CODE: $order_query->row['order_id'],
LINE: 96

FILE: catalog/model/checkout/order.php
CODE: $order_query->row['order_id'],
LINE: 170

FILE: admin/view/template/sale/order_info.tpl
CODE: <td><?php echo $text_reward; ?></td>
LINE: 100
CODE: <?php echo $footer; ?>
LINE: 700
CODE: $order_query->row['order_id'],
NOT FOUND - OPERATIONS ABORTED!

FILE: catalog/model/account/order.php
CODE: $order_query->row['order_id'],
LINE: 46

FILE: catalog/controller/account/order.php
CODE: if ($order_info['invoice_no']) {
LINE: 211

FILE: catalog/view/theme/default/template/account/order_info.tpl
CODE: <b><?php echo $text_shipping_method; ?></b> <?php echo $shipping_method; ?>
LINE: 39
----------------------------------------------------------------
2017-01-29 14:52:59 - MOD: Modification Default

FILE: system/engine/action.php
REGEX: ~(require|include)(_once)?\(([^)]+)~
LINE: 41

FILE: system/engine/loader.php
REGEX: ~(require|include)(_once)?\(([^)]+)~
LINE: 49
LINE: 108
LINE: 120
LINE: 165

FILE: system/library/config.php
REGEX: ~(require|include)(_once)?\(([^)]+)~
LINE: 23

FILE: system/library/language.php
REGEX: ~(require|include)(_once)?\(([^)]+)~
LINE: 38
LINE: 40
LINE: 49
LINE: 51
LINE: 60
LINE: 62

FILE: system/library/template/php.php
REGEX: ~(require|include)(_once)?\(([^)]+)~
LINE: 18

FILE: system/library/template/tiwg.php
REGEX: ~(require|include)(_once)?\(([^)]+)~
LINE: 24
----------------------------------------------------------------
MOD: OcStore 2.3.x track number

FILE: admin/controller/sale/order.php
CODE: $data['shipping_method'] = $order_info['shipping_method'];
LINE: 567
LINE: 942
CODE: public function history() {
LINE: 1545

FILE: admin/model/sale/order.php
CODE: $order_query->row['order_id'],
LINE: 96

FILE: catalog/model/checkout/order.php
CODE: $order_query->row['order_id'],
LINE: 170

FILE: admin/view/template/sale/order_info.tpl
CODE: <td><?php echo $text_reward; ?></td>
LINE: 100
CODE: <?php echo $footer; ?>
LINE: 700
CODE: $order_query->row['order_id'],
NOT FOUND - OPERATIONS ABORTED!

FILE: catalog/model/account/order.php
CODE: $order_query->row['order_id'],
LINE: 46

FILE: catalog/controller/account/order.php
CODE: if ($order_info['invoice_no']) {
LINE: 211

FILE: catalog/view/theme/default/template/account/order_info.tpl
CODE: <b><?php echo $text_shipping_method; ?></b> <?php echo $shipping_method; ?>
LINE: 39
----------------------------------------------------------------
2017-03-21 22:08:11 - MOD: Modification Default

FILE: system/engine/action.php
REGEX: ~(require|include)(_once)?\(([^)]+)~
LINE: 41

FILE: system/engine/loader.php
REGEX: ~(require|include)(_once)?\(([^)]+)~
LINE: 49
LINE: 108
LINE: 120
LINE: 165

FILE: system/library/config.php
REGEX: ~(require|include)(_once)?\(([^)]+)~
LINE: 23

FILE: system/library/language.php
REGEX: ~(require|include)(_once)?\(([^)]+)~
LINE: 38
LINE: 40
LINE: 49
LINE: 51
LINE: 60
LINE: 62

FILE: system/library/template/php.php
REGEX: ~(require|include)(_once)?\(([^)]+)~
LINE: 18

FILE: system/library/template/tiwg.php
REGEX: ~(require|include)(_once)?\(([^)]+)~
LINE: 24
----------------------------------------------------------------
MOD: OcStore 2.3.x track number

FILE: admin/controller/sale/order.php
CODE: $data['shipping_method'] = $order_info['shipping_method'];
LINE: 567
LINE: 942
CODE: public function history() {
LINE: 1545

FILE: admin/model/sale/order.php
CODE: $order_query->row['order_id'],
LINE: 96

FILE: catalog/model/checkout/order.php
CODE: $order_query->row['order_id'],
LINE: 170

FILE: admin/view/template/sale/order_info.tpl
CODE: <td><?php echo $text_reward; ?></td>
LINE: 100
CODE: <?php echo $footer; ?>
LINE: 700
CODE: $order_query->row['order_id'],
NOT FOUND - OPERATIONS ABORTED!

FILE: catalog/model/account/order.php
CODE: $order_query->row['order_id'],
LINE: 46

FILE: catalog/controller/account/order.php
CODE: if ($order_info['invoice_no']) {
LINE: 211

FILE: catalog/view/theme/default/template/account/order_info.tpl
CODE: <b><?php echo $text_shipping_method; ?></b> <?php echo $shipping_method; ?>
LINE: 39
----------------------------------------------------------------
2019-05-23 23:49:54 - MOD: Modification Default

FILE: system/engine/action.php
REGEX: ~(require|include)(_once)?\(([^)]+)~
LINE: 41

FILE: system/engine/loader.php
REGEX: ~(require|include)(_once)?\(([^)]+)~
LINE: 49
LINE: 108
LINE: 120
LINE: 165

FILE: system/library/config.php
REGEX: ~(require|include)(_once)?\(([^)]+)~
LINE: 23

FILE: system/library/language.php
REGEX: ~(require|include)(_once)?\(([^)]+)~
LINE: 38
LINE: 40
LINE: 49
LINE: 51
LINE: 60
LINE: 62

FILE: system/library/template/php.php
REGEX: ~(require|include)(_once)?\(([^)]+)~
LINE: 18

FILE: system/library/template/tiwg.php
REGEX: ~(require|include)(_once)?\(([^)]+)~
LINE: 24
----------------------------------------------------------------
MOD: OcStore 2.3.x track number

FILE: admin/controller/sale/order.php
CODE: $data['shipping_method'] = $order_info['shipping_method'];
LINE: 567
LINE: 942
CODE: public function history() {
LINE: 1545

FILE: admin/model/sale/order.php
CODE: $order_query->row['order_id'],
LINE: 96

FILE: catalog/model/checkout/order.php
CODE: $order_query->row['order_id'],
LINE: 170

FILE: admin/view/template/sale/order_info.tpl
CODE: <td><?php echo $text_reward; ?></td>
LINE: 100
CODE: <?php echo $footer; ?>
LINE: 700
CODE: $order_query->row['order_id'],
NOT FOUND - OPERATIONS ABORTED!

FILE: catalog/model/account/order.php
CODE: $order_query->row['order_id'],
LINE: 46

FILE: catalog/controller/account/order.php
CODE: if ($order_info['invoice_no']) {
LINE: 211

FILE: catalog/view/theme/default/template/account/order_info.tpl
CODE: <b><?php echo $text_shipping_method; ?></b> <?php echo $shipping_method; ?>
LINE: 40
----------------------------------------------------------------
MOD: Blog

FILE: admin/controller/common/column_left.php
CODE: $extension = array();
LINE: 208

FILE: catalog/controller/startup/seo_url.php
CODE: if ($query->row['query'] && $url[0]
LINE: 55
CODE: != 'category_id' && $url[0]
LINE: 55
CODE: $this->request->get['route'] = 'product/product';
LINE: 77
CODE: $this->request->get['route'] = 'product/category';
LINE: 83
CODE: ($data['route'] == 'information/information' && $key == 'information_id'))
NOT FOUND - OPERATIONS ABORTED!

FILE: catalog/controller/startup/seo_pro.php
CODE: $this->request->get['route'] = 'information/information';
LINE: 100
CODE: case 'product/product':
LINE: 196
CODE: case 'product/product/review':
LINE: 227
CODE: case 'order_id':
LINE: 260
CODE: case 'path':
LINE: 279
CODE: private function getPathByProduct($product_id) {
LINE: 396

FILE: catalog/controller/extension/feed/google_sitemap.php
CODE: $output .= '</urlset>';
LINE: 98

FILE: catalog/controller/information/sitemap.php
CODE: $this->load->model('catalog/information');
LINE: 119

FILE: catalog/view/theme/default/template/information/sitemap.tpl
CODE: <?php echo $content_bottom; ?>
LINE: 94

FILE: catalog/controller/common/content_top.php
CODE: $layout_id = 0;
LINE: 17

FILE: catalog/controller/common/content_bottom.php
CODE: $layout_id = 0;
LINE: 17

FILE: catalog/controller/common/column_left.php
CODE: $layout_id = 0;
LINE: 17

FILE: catalog/controller/common/column_right.php
CODE: $layout_id = 0;
LINE: 17
----------------------------------------------------------------
2019-05-24 11:12:17 - MOD: Modification Default

FILE: system/engine/action.php
REGEX: ~(require|include)(_once)?\(([^)]+)~
LINE: 41

FILE: system/engine/loader.php
REGEX: ~(require|include)(_once)?\(([^)]+)~
LINE: 49
LINE: 108
LINE: 120
LINE: 165

FILE: system/library/config.php
REGEX: ~(require|include)(_once)?\(([^)]+)~
LINE: 23

FILE: system/library/language.php
REGEX: ~(require|include)(_once)?\(([^)]+)~
LINE: 38
LINE: 40
LINE: 49
LINE: 51
LINE: 60
LINE: 62

FILE: system/library/template/php.php
REGEX: ~(require|include)(_once)?\(([^)]+)~
LINE: 18

FILE: system/library/template/tiwg.php
REGEX: ~(require|include)(_once)?\(([^)]+)~
LINE: 24
----------------------------------------------------------------
MOD: OcStore 2.3.x track number

FILE: admin/controller/sale/order.php
CODE: $data['shipping_method'] = $order_info['shipping_method'];
LINE: 567
LINE: 942
CODE: public function history() {
LINE: 1545

FILE: admin/model/sale/order.php
CODE: $order_query->row['order_id'],
LINE: 96

FILE: catalog/model/checkout/order.php
CODE: $order_query->row['order_id'],
LINE: 170

FILE: admin/view/template/sale/order_info.tpl
CODE: <td><?php echo $text_reward; ?></td>
LINE: 100
CODE: <?php echo $footer; ?>
LINE: 700
CODE: $order_query->row['order_id'],
NOT FOUND - OPERATIONS ABORTED!

FILE: catalog/model/account/order.php
CODE: $order_query->row['order_id'],
LINE: 46

FILE: catalog/controller/account/order.php
CODE: if ($order_info['invoice_no']) {
LINE: 211

FILE: catalog/view/theme/default/template/account/order_info.tpl
CODE: <b><?php echo $text_shipping_method; ?></b> <?php echo $shipping_method; ?>
LINE: 40
----------------------------------------------------------------
MOD: Blog

FILE: admin/controller/common/column_left.php
CODE: $extension = array();
LINE: 200

FILE: catalog/controller/startup/seo_url.php
CODE: if ($query->row['query'] && $url[0]
LINE: 55
CODE: != 'category_id' && $url[0]
LINE: 55
CODE: $this->request->get['route'] = 'product/product';
LINE: 77
CODE: $this->request->get['route'] = 'product/category';
LINE: 83
CODE: ($data['route'] == 'information/information' && $key == 'information_id'))
NOT FOUND - OPERATIONS ABORTED!

FILE: catalog/controller/startup/seo_pro.php
CODE: $this->request->get['route'] = 'information/information';
LINE: 100
CODE: case 'product/product':
LINE: 196
CODE: case 'product/product/review':
LINE: 227
CODE: case 'order_id':
LINE: 260
CODE: case 'path':
LINE: 279
CODE: private function getPathByProduct($product_id) {
LINE: 396

FILE: catalog/controller/extension/feed/google_sitemap.php
CODE: $output .= '</urlset>';
LINE: 98

FILE: catalog/controller/information/sitemap.php
CODE: $this->load->model('catalog/information');
LINE: 119

FILE: catalog/view/theme/default/template/information/sitemap.tpl
CODE: <?php echo $content_bottom; ?>
LINE: 94

FILE: catalog/controller/common/content_top.php
CODE: $layout_id = 0;
LINE: 17

FILE: catalog/controller/common/content_bottom.php
CODE: $layout_id = 0;
LINE: 17

FILE: catalog/controller/common/column_left.php
CODE: $layout_id = 0;
LINE: 17

FILE: catalog/controller/common/column_right.php
CODE: $layout_id = 0;
LINE: 17
----------------------------------------------------------------
2019-05-24 11:47:48 - MOD: Modification Default

FILE: system/engine/action.php
REGEX: ~(require|include)(_once)?\(([^)]+)~
LINE: 41

FILE: system/engine/loader.php
REGEX: ~(require|include)(_once)?\(([^)]+)~
LINE: 49
LINE: 108
LINE: 120
LINE: 165

FILE: system/library/config.php
REGEX: ~(require|include)(_once)?\(([^)]+)~
LINE: 23

FILE: system/library/language.php
REGEX: ~(require|include)(_once)?\(([^)]+)~
LINE: 38
LINE: 40
LINE: 49
LINE: 51
LINE: 60
LINE: 62

FILE: system/library/template/php.php
REGEX: ~(require|include)(_once)?\(([^)]+)~
LINE: 18

FILE: system/library/template/tiwg.php
REGEX: ~(require|include)(_once)?\(([^)]+)~
LINE: 24
----------------------------------------------------------------
MOD: OcStore 2.3.x track number

FILE: admin/controller/sale/order.php
CODE: $data['shipping_method'] = $order_info['shipping_method'];
LINE: 567
LINE: 942
CODE: public function history() {
LINE: 1545

FILE: admin/model/sale/order.php
CODE: $order_query->row['order_id'],
LINE: 96

FILE: catalog/model/checkout/order.php
CODE: $order_query->row['order_id'],
LINE: 170

FILE: admin/view/template/sale/order_info.tpl
CODE: <td><?php echo $text_reward; ?></td>
LINE: 100
CODE: <?php echo $footer; ?>
LINE: 700
CODE: $order_query->row['order_id'],
NOT FOUND - OPERATIONS ABORTED!

FILE: catalog/model/account/order.php
CODE: $order_query->row['order_id'],
LINE: 46

FILE: catalog/controller/account/order.php
CODE: if ($order_info['invoice_no']) {
LINE: 211

FILE: catalog/view/theme/default/template/account/order_info.tpl
CODE: <b><?php echo $text_shipping_method; ?></b> <?php echo $shipping_method; ?>
LINE: 40
----------------------------------------------------------------
MOD: Blog

FILE: admin/controller/common/column_left.php
CODE: $extension = array();
LINE: 200

FILE: catalog/controller/startup/seo_url.php
CODE: if ($query->row['query'] && $url[0]
LINE: 55
CODE: != 'category_id' && $url[0]
LINE: 55
CODE: $this->request->get['route'] = 'product/product';
LINE: 77
CODE: $this->request->get['route'] = 'product/category';
LINE: 83
CODE: ($data['route'] == 'information/information' && $key == 'information_id'))
NOT FOUND - OPERATIONS ABORTED!

FILE: catalog/controller/startup/seo_pro.php
CODE: $this->request->get['route'] = 'information/information';
LINE: 100
CODE: case 'product/product':
LINE: 196
CODE: case 'product/product/review':
LINE: 227
CODE: case 'order_id':
LINE: 260
CODE: case 'path':
LINE: 279
CODE: private function getPathByProduct($product_id) {
LINE: 396

FILE: catalog/controller/extension/feed/google_sitemap.php
CODE: $output .= '</urlset>';
LINE: 98

FILE: catalog/controller/information/sitemap.php
CODE: $this->load->model('catalog/information');
LINE: 119

FILE: catalog/view/theme/default/template/information/sitemap.tpl
CODE: <?php echo $content_bottom; ?>
LINE: 94

FILE: catalog/controller/common/content_top.php
CODE: $layout_id = 0;
LINE: 17

FILE: catalog/controller/common/content_bottom.php
CODE: $layout_id = 0;
LINE: 17

FILE: catalog/controller/common/column_left.php
CODE: $layout_id = 0;
LINE: 17

FILE: catalog/controller/common/column_right.php
CODE: $layout_id = 0;
LINE: 17
----------------------------------------------------------------
MOD: Newsletter Subscribe

FILE: catalog/model/account/customer.php
CODE: $customer_id = $this->db->getLastId();
LINE: 26
CODE: public function editNewsletter($newsletter) {
LINE: 133

FILE: admin/model/catalog/product.php
CODE: 'p.sort_order'
LINE: 409
----------------------------------------------------------------
2019-07-23 14:19:04 - MOD: Modification Default

FILE: system/engine/action.php
REGEX: ~(require|include)(_once)?\(([^)]+)~
LINE: 41

FILE: system/engine/loader.php
REGEX: ~(require|include)(_once)?\(([^)]+)~
LINE: 49
LINE: 108
LINE: 120
LINE: 165

FILE: system/library/config.php
REGEX: ~(require|include)(_once)?\(([^)]+)~
LINE: 23

FILE: system/library/language.php
REGEX: ~(require|include)(_once)?\(([^)]+)~
LINE: 38
LINE: 40
LINE: 49
LINE: 51
LINE: 60
LINE: 62

FILE: system/library/template/php.php
REGEX: ~(require|include)(_once)?\(([^)]+)~
LINE: 18

FILE: system/library/template/tiwg.php
REGEX: ~(require|include)(_once)?\(([^)]+)~
LINE: 24
----------------------------------------------------------------
MOD: OcStore 2.3.x track number

FILE: admin/controller/sale/order.php
CODE: $data['shipping_method'] = $order_info['shipping_method'];
LINE: 567
LINE: 942
CODE: public function history() {
LINE: 1545

FILE: admin/model/sale/order.php
CODE: $order_query->row['order_id'],
LINE: 96

FILE: catalog/model/checkout/order.php
CODE: $order_query->row['order_id'],
LINE: 170

FILE: admin/view/template/sale/order_info.tpl
CODE: <td><?php echo $text_reward; ?></td>
LINE: 100
CODE: <?php echo $footer; ?>
LINE: 700
CODE: $order_query->row['order_id'],
NOT FOUND - OPERATIONS ABORTED!

FILE: catalog/model/account/order.php
CODE: $order_query->row['order_id'],
LINE: 46

FILE: catalog/controller/account/order.php
CODE: if ($order_info['invoice_no']) {
LINE: 211

FILE: catalog/view/theme/default/template/account/order_info.tpl
CODE: <b><?php echo $text_shipping_method; ?></b> <?php echo $shipping_method; ?>
LINE: 40
----------------------------------------------------------------
MOD: Blog

FILE: admin/controller/common/column_left.php
CODE: $extension = array();
LINE: 200

FILE: catalog/controller/startup/seo_url.php
CODE: if ($query->row['query'] && $url[0]
LINE: 55
CODE: != 'category_id' && $url[0]
LINE: 55
CODE: $this->request->get['route'] = 'product/product';
LINE: 77
CODE: $this->request->get['route'] = 'product/category';
LINE: 83
CODE: ($data['route'] == 'information/information' && $key == 'information_id'))
NOT FOUND - OPERATIONS ABORTED!

FILE: catalog/controller/startup/seo_pro.php
CODE: $this->request->get['route'] = 'information/information';
LINE: 100
CODE: case 'product/product':
LINE: 196
CODE: case 'product/product/review':
LINE: 227
CODE: case 'order_id':
LINE: 260
CODE: case 'path':
LINE: 279
CODE: private function getPathByProduct($product_id) {
LINE: 396

FILE: catalog/controller/extension/feed/google_sitemap.php
CODE: $output .= '</urlset>';
LINE: 98

FILE: catalog/controller/information/sitemap.php
CODE: $this->load->model('catalog/information');
LINE: 119

FILE: catalog/view/theme/default/template/information/sitemap.tpl
CODE: <?php echo $content_bottom; ?>
LINE: 94

FILE: catalog/controller/common/content_top.php
CODE: $layout_id = 0;
LINE: 17

FILE: catalog/controller/common/content_bottom.php
CODE: $layout_id = 0;
LINE: 17

FILE: catalog/controller/common/column_left.php
CODE: $layout_id = 0;
LINE: 17

FILE: catalog/controller/common/column_right.php
CODE: $layout_id = 0;
LINE: 17
----------------------------------------------------------------
MOD: Newsletter Subscribe

FILE: catalog/model/account/customer.php
CODE: $customer_id = $this->db->getLastId();
LINE: 26
CODE: public function editNewsletter($newsletter) {
LINE: 133

FILE: admin/model/catalog/product.php
CODE: 'p.sort_order'
LINE: 409
----------------------------------------------------------------
2019-07-23 14:19:09 - MOD: Modification Default

FILE: system/engine/action.php
REGEX: ~(require|include)(_once)?\(([^)]+)~
LINE: 41

FILE: system/engine/loader.php
REGEX: ~(require|include)(_once)?\(([^)]+)~
LINE: 49
LINE: 108
LINE: 120
LINE: 165

FILE: system/library/config.php
REGEX: ~(require|include)(_once)?\(([^)]+)~
LINE: 23

FILE: system/library/language.php
REGEX: ~(require|include)(_once)?\(([^)]+)~
LINE: 38
LINE: 40
LINE: 49
LINE: 51
LINE: 60
LINE: 62

FILE: system/library/template/php.php
REGEX: ~(require|include)(_once)?\(([^)]+)~
LINE: 18

FILE: system/library/template/tiwg.php
REGEX: ~(require|include)(_once)?\(([^)]+)~
LINE: 24
----------------------------------------------------------------
MOD: OcStore 2.3.x track number

FILE: admin/controller/sale/order.php
CODE: $data['shipping_method'] = $order_info['shipping_method'];
LINE: 567
LINE: 942
CODE: public function history() {
LINE: 1545

FILE: admin/model/sale/order.php
CODE: $order_query->row['order_id'],
LINE: 96

FILE: catalog/model/checkout/order.php
CODE: $order_query->row['order_id'],
LINE: 170

FILE: admin/view/template/sale/order_info.tpl
CODE: <td><?php echo $text_reward; ?></td>
LINE: 100
CODE: <?php echo $footer; ?>
LINE: 700
CODE: $order_query->row['order_id'],
NOT FOUND - OPERATIONS ABORTED!

FILE: catalog/model/account/order.php
CODE: $order_query->row['order_id'],
LINE: 46

FILE: catalog/controller/account/order.php
CODE: if ($order_info['invoice_no']) {
LINE: 211

FILE: catalog/view/theme/default/template/account/order_info.tpl
CODE: <b><?php echo $text_shipping_method; ?></b> <?php echo $shipping_method; ?>
LINE: 40
----------------------------------------------------------------
MOD: Blog

FILE: admin/controller/common/column_left.php
CODE: $extension = array();
LINE: 200

FILE: catalog/controller/startup/seo_url.php
CODE: if ($query->row['query'] && $url[0]
LINE: 55
CODE: != 'category_id' && $url[0]
LINE: 55
CODE: $this->request->get['route'] = 'product/product';
LINE: 77
CODE: $this->request->get['route'] = 'product/category';
LINE: 83
CODE: ($data['route'] == 'information/information' && $key == 'information_id'))
NOT FOUND - OPERATIONS ABORTED!

FILE: catalog/controller/startup/seo_pro.php
CODE: $this->request->get['route'] = 'information/information';
LINE: 100
CODE: case 'product/product':
LINE: 196
CODE: case 'product/product/review':
LINE: 227
CODE: case 'order_id':
LINE: 260
CODE: case 'path':
LINE: 279
CODE: private function getPathByProduct($product_id) {
LINE: 396

FILE: catalog/controller/extension/feed/google_sitemap.php
CODE: $output .= '</urlset>';
LINE: 98

FILE: catalog/controller/information/sitemap.php
CODE: $this->load->model('catalog/information');
LINE: 119

FILE: catalog/view/theme/default/template/information/sitemap.tpl
CODE: <?php echo $content_bottom; ?>
LINE: 94

FILE: catalog/controller/common/content_top.php
CODE: $layout_id = 0;
LINE: 17

FILE: catalog/controller/common/content_bottom.php
CODE: $layout_id = 0;
LINE: 17

FILE: catalog/controller/common/column_left.php
CODE: $layout_id = 0;
LINE: 17

FILE: catalog/controller/common/column_right.php
CODE: $layout_id = 0;
LINE: 17
----------------------------------------------------------------
MOD: Newsletter Subscribe

FILE: catalog/model/account/customer.php
CODE: $customer_id = $this->db->getLastId();
LINE: 26
CODE: public function editNewsletter($newsletter) {
LINE: 133

FILE: admin/model/catalog/product.php
CODE: 'p.sort_order'
LINE: 409
----------------------------------------------------------------
2019-07-23 14:19:39 - MOD: Modification Default

FILE: system/engine/action.php
REGEX: ~(require|include)(_once)?\(([^)]+)~
LINE: 41

FILE: system/engine/loader.php
REGEX: ~(require|include)(_once)?\(([^)]+)~
LINE: 49
LINE: 108
LINE: 120
LINE: 165

FILE: system/library/config.php
REGEX: ~(require|include)(_once)?\(([^)]+)~
LINE: 23

FILE: system/library/language.php
REGEX: ~(require|include)(_once)?\(([^)]+)~
LINE: 38
LINE: 40
LINE: 49
LINE: 51
LINE: 60
LINE: 62

FILE: system/library/template/php.php
REGEX: ~(require|include)(_once)?\(([^)]+)~
LINE: 18

FILE: system/library/template/tiwg.php
REGEX: ~(require|include)(_once)?\(([^)]+)~
LINE: 24
----------------------------------------------------------------
MOD: OcStore 2.3.x track number

FILE: admin/controller/sale/order.php
CODE: $data['shipping_method'] = $order_info['shipping_method'];
LINE: 567
LINE: 942
CODE: public function history() {
LINE: 1545

FILE: admin/model/sale/order.php
CODE: $order_query->row['order_id'],
LINE: 96

FILE: catalog/model/checkout/order.php
CODE: $order_query->row['order_id'],
LINE: 170

FILE: admin/view/template/sale/order_info.tpl
CODE: <td><?php echo $text_reward; ?></td>
LINE: 100
CODE: <?php echo $footer; ?>
LINE: 700
CODE: $order_query->row['order_id'],
NOT FOUND - OPERATIONS ABORTED!

FILE: catalog/model/account/order.php
CODE: $order_query->row['order_id'],
LINE: 46

FILE: catalog/controller/account/order.php
CODE: if ($order_info['invoice_no']) {
LINE: 211

FILE: catalog/view/theme/default/template/account/order_info.tpl
CODE: <b><?php echo $text_shipping_method; ?></b> <?php echo $shipping_method; ?>
LINE: 40
----------------------------------------------------------------
MOD: Blog

FILE: admin/controller/common/column_left.php
CODE: $extension = array();
LINE: 200

FILE: catalog/controller/startup/seo_url.php
CODE: if ($query->row['query'] && $url[0]
LINE: 55
CODE: != 'category_id' && $url[0]
LINE: 55
CODE: $this->request->get['route'] = 'product/product';
LINE: 77
CODE: $this->request->get['route'] = 'product/category';
LINE: 83
CODE: ($data['route'] == 'information/information' && $key == 'information_id'))
NOT FOUND - OPERATIONS ABORTED!

FILE: catalog/controller/startup/seo_pro.php
CODE: $this->request->get['route'] = 'information/information';
LINE: 100
CODE: case 'product/product':
LINE: 196
CODE: case 'product/product/review':
LINE: 227
CODE: case 'order_id':
LINE: 260
CODE: case 'path':
LINE: 279
CODE: private function getPathByProduct($product_id) {
LINE: 396

FILE: catalog/controller/extension/feed/google_sitemap.php
CODE: $output .= '</urlset>';
LINE: 98

FILE: catalog/controller/information/sitemap.php
CODE: $this->load->model('catalog/information');
LINE: 119

FILE: catalog/view/theme/default/template/information/sitemap.tpl
CODE: <?php echo $content_bottom; ?>
LINE: 94

FILE: catalog/controller/common/content_top.php
CODE: $layout_id = 0;
LINE: 17

FILE: catalog/controller/common/content_bottom.php
CODE: $layout_id = 0;
LINE: 17

FILE: catalog/controller/common/column_left.php
CODE: $layout_id = 0;
LINE: 17

FILE: catalog/controller/common/column_right.php
CODE: $layout_id = 0;
LINE: 17
----------------------------------------------------------------
MOD: Newsletter Subscribe

FILE: catalog/model/account/customer.php
CODE: $customer_id = $this->db->getLastId();
LINE: 26
CODE: public function editNewsletter($newsletter) {
LINE: 133

FILE: admin/model/catalog/product.php
CODE: 'p.sort_order'
LINE: 409
----------------------------------------------------------------
2019-07-24 13:40:51 - MOD: Modification Default

FILE: system/engine/action.php
REGEX: ~(require|include)(_once)?\(([^)]+)~
LINE: 41

FILE: system/engine/loader.php
REGEX: ~(require|include)(_once)?\(([^)]+)~
LINE: 49
LINE: 108
LINE: 120
LINE: 165

FILE: system/library/config.php
REGEX: ~(require|include)(_once)?\(([^)]+)~
LINE: 23

FILE: system/library/language.php
REGEX: ~(require|include)(_once)?\(([^)]+)~
LINE: 38
LINE: 40
LINE: 49
LINE: 51
LINE: 60
LINE: 62

FILE: system/library/template/php.php
REGEX: ~(require|include)(_once)?\(([^)]+)~
LINE: 18

FILE: system/library/template/tiwg.php
REGEX: ~(require|include)(_once)?\(([^)]+)~
LINE: 24
----------------------------------------------------------------
MOD: OcStore 2.3.x track number

FILE: admin/controller/sale/order.php
CODE: $data['shipping_method'] = $order_info['shipping_method'];
LINE: 567
LINE: 942
CODE: public function history() {
LINE: 1545

FILE: admin/model/sale/order.php
CODE: $order_query->row['order_id'],
LINE: 96

FILE: catalog/model/checkout/order.php
CODE: $order_query->row['order_id'],
LINE: 170

FILE: admin/view/template/sale/order_info.tpl
CODE: <td><?php echo $text_reward; ?></td>
LINE: 100
CODE: <?php echo $footer; ?>
LINE: 700
CODE: $order_query->row['order_id'],
NOT FOUND - OPERATIONS ABORTED!

FILE: catalog/model/account/order.php
CODE: $order_query->row['order_id'],
LINE: 46

FILE: catalog/controller/account/order.php
CODE: if ($order_info['invoice_no']) {
LINE: 211

FILE: catalog/view/theme/default/template/account/order_info.tpl
CODE: <b><?php echo $text_shipping_method; ?></b> <?php echo $shipping_method; ?>
LINE: 40
----------------------------------------------------------------
MOD: Blog

FILE: admin/controller/common/column_left.php
CODE: $extension = array();
LINE: 200

FILE: catalog/controller/startup/seo_url.php
CODE: if ($query->row['query'] && $url[0]
LINE: 55
CODE: != 'category_id' && $url[0]
LINE: 55
CODE: $this->request->get['route'] = 'product/product';
LINE: 77
CODE: $this->request->get['route'] = 'product/category';
LINE: 83
CODE: ($data['route'] == 'information/information' && $key == 'information_id'))
NOT FOUND - OPERATIONS ABORTED!

FILE: catalog/controller/startup/seo_pro.php
CODE: $this->request->get['route'] = 'information/information';
LINE: 100
CODE: case 'product/product':
LINE: 196
CODE: case 'product/product/review':
LINE: 227
CODE: case 'order_id':
LINE: 260
CODE: case 'path':
LINE: 279
CODE: private function getPathByProduct($product_id) {
LINE: 396

FILE: catalog/controller/extension/feed/google_sitemap.php
CODE: $output .= '</urlset>';
LINE: 98

FILE: catalog/controller/information/sitemap.php
CODE: $this->load->model('catalog/information');
LINE: 119

FILE: catalog/view/theme/default/template/information/sitemap.tpl
CODE: <?php echo $content_bottom; ?>
LINE: 94

FILE: catalog/controller/common/content_top.php
CODE: $layout_id = 0;
LINE: 17

FILE: catalog/controller/common/content_bottom.php
CODE: $layout_id = 0;
LINE: 17

FILE: catalog/controller/common/column_left.php
CODE: $layout_id = 0;
LINE: 17

FILE: catalog/controller/common/column_right.php
CODE: $layout_id = 0;
LINE: 17
----------------------------------------------------------------
MOD: Newsletter Subscribe

FILE: catalog/model/account/customer.php
CODE: $customer_id = $this->db->getLastId();
LINE: 26
CODE: public function editNewsletter($newsletter) {
LINE: 133

FILE: admin/model/catalog/product.php
CODE: 'p.sort_order'
LINE: 409
----------------------------------------------------------------
2019-07-25 13:18:26 - MOD: Modification Default

FILE: system/engine/action.php
REGEX: ~(require|include)(_once)?\(([^)]+)~
LINE: 41

FILE: system/engine/loader.php
REGEX: ~(require|include)(_once)?\(([^)]+)~
LINE: 49
LINE: 108
LINE: 120
LINE: 165

FILE: system/library/config.php
REGEX: ~(require|include)(_once)?\(([^)]+)~
LINE: 23

FILE: system/library/language.php
REGEX: ~(require|include)(_once)?\(([^)]+)~
LINE: 38
LINE: 40
LINE: 49
LINE: 51
LINE: 60
LINE: 62

FILE: system/library/template/php.php
REGEX: ~(require|include)(_once)?\(([^)]+)~
LINE: 18

FILE: system/library/template/tiwg.php
REGEX: ~(require|include)(_once)?\(([^)]+)~
LINE: 24
----------------------------------------------------------------
MOD: OcStore 2.3.x track number

FILE: admin/controller/sale/order.php
CODE: $data['shipping_method'] = $order_info['shipping_method'];
LINE: 567
LINE: 942
CODE: public function history() {
LINE: 1545

FILE: admin/model/sale/order.php
CODE: $order_query->row['order_id'],
LINE: 96

FILE: catalog/model/checkout/order.php
CODE: $order_query->row['order_id'],
LINE: 170

FILE: admin/view/template/sale/order_info.tpl
CODE: <td><?php echo $text_reward; ?></td>
LINE: 100
CODE: <?php echo $footer; ?>
LINE: 700
CODE: $order_query->row['order_id'],
NOT FOUND - OPERATIONS ABORTED!

FILE: catalog/model/account/order.php
CODE: $order_query->row['order_id'],
LINE: 46

FILE: catalog/controller/account/order.php
CODE: if ($order_info['invoice_no']) {
LINE: 211

FILE: catalog/view/theme/default/template/account/order_info.tpl
CODE: <b><?php echo $text_shipping_method; ?></b> <?php echo $shipping_method; ?>
LINE: 40
----------------------------------------------------------------
MOD: Blog

FILE: admin/controller/common/column_left.php
CODE: $extension = array();
LINE: 200

FILE: catalog/controller/startup/seo_url.php
CODE: if ($query->row['query'] && $url[0]
LINE: 55
CODE: != 'category_id' && $url[0]
LINE: 55
CODE: $this->request->get['route'] = 'product/product';
LINE: 77
CODE: $this->request->get['route'] = 'product/category';
LINE: 83
CODE: ($data['route'] == 'information/information' && $key == 'information_id'))
NOT FOUND - OPERATIONS ABORTED!

FILE: catalog/controller/startup/seo_pro.php
CODE: $this->request->get['route'] = 'information/information';
LINE: 100
CODE: case 'product/product':
LINE: 196
CODE: case 'product/product/review':
LINE: 227
CODE: case 'order_id':
LINE: 260
CODE: case 'path':
LINE: 279
CODE: private function getPathByProduct($product_id) {
LINE: 396

FILE: catalog/controller/extension/feed/google_sitemap.php
CODE: $output .= '</urlset>';
LINE: 98

FILE: catalog/controller/information/sitemap.php
CODE: $this->load->model('catalog/information');
LINE: 119

FILE: catalog/view/theme/default/template/information/sitemap.tpl
CODE: <?php echo $content_bottom; ?>
LINE: 94

FILE: catalog/controller/common/content_top.php
CODE: $layout_id = 0;
LINE: 17

FILE: catalog/controller/common/content_bottom.php
CODE: $layout_id = 0;
LINE: 17

FILE: catalog/controller/common/column_left.php
CODE: $layout_id = 0;
LINE: 17

FILE: catalog/controller/common/column_right.php
CODE: $layout_id = 0;
LINE: 17
----------------------------------------------------------------
MOD: Newsletter Subscribe

FILE: catalog/model/account/customer.php
CODE: $customer_id = $this->db->getLastId();
LINE: 26
CODE: public function editNewsletter($newsletter) {
LINE: 133

FILE: admin/model/catalog/product.php
CODE: 'p.sort_order'
LINE: 409
----------------------------------------------------------------
2019-07-25 13:19:12 - MOD: Modification Default

FILE: system/engine/action.php
REGEX: ~(require|include)(_once)?\(([^)]+)~
LINE: 41

FILE: system/engine/loader.php
REGEX: ~(require|include)(_once)?\(([^)]+)~
LINE: 49
LINE: 108
LINE: 120
LINE: 165

FILE: system/library/config.php
REGEX: ~(require|include)(_once)?\(([^)]+)~
LINE: 23

FILE: system/library/language.php
REGEX: ~(require|include)(_once)?\(([^)]+)~
LINE: 38
LINE: 40
LINE: 49
LINE: 51
LINE: 60
LINE: 62

FILE: system/library/template/php.php
REGEX: ~(require|include)(_once)?\(([^)]+)~
LINE: 18

FILE: system/library/template/tiwg.php
REGEX: ~(require|include)(_once)?\(([^)]+)~
LINE: 24
----------------------------------------------------------------
MOD: OcStore 2.3.x track number

FILE: admin/controller/sale/order.php
CODE: $data['shipping_method'] = $order_info['shipping_method'];
LINE: 567
LINE: 942
CODE: public function history() {
LINE: 1545

FILE: admin/model/sale/order.php
CODE: $order_query->row['order_id'],
LINE: 96

FILE: catalog/model/checkout/order.php
CODE: $order_query->row['order_id'],
LINE: 170

FILE: admin/view/template/sale/order_info.tpl
CODE: <td><?php echo $text_reward; ?></td>
LINE: 100
CODE: <?php echo $footer; ?>
LINE: 700
CODE: $order_query->row['order_id'],
NOT FOUND - OPERATIONS ABORTED!

FILE: catalog/model/account/order.php
CODE: $order_query->row['order_id'],
LINE: 46

FILE: catalog/controller/account/order.php
CODE: if ($order_info['invoice_no']) {
LINE: 211

FILE: catalog/view/theme/default/template/account/order_info.tpl
CODE: <b><?php echo $text_shipping_method; ?></b> <?php echo $shipping_method; ?>
LINE: 40
----------------------------------------------------------------
MOD: Blog

FILE: admin/controller/common/column_left.php
CODE: $extension = array();
LINE: 200

FILE: catalog/controller/startup/seo_url.php
CODE: if ($query->row['query'] && $url[0]
LINE: 55
CODE: != 'category_id' && $url[0]
LINE: 55
CODE: $this->request->get['route'] = 'product/product';
LINE: 77
CODE: $this->request->get['route'] = 'product/category';
LINE: 83
CODE: ($data['route'] == 'information/information' && $key == 'information_id'))
NOT FOUND - OPERATIONS ABORTED!

FILE: catalog/controller/startup/seo_pro.php
CODE: $this->request->get['route'] = 'information/information';
LINE: 100
CODE: case 'product/product':
LINE: 196
CODE: case 'product/product/review':
LINE: 227
CODE: case 'order_id':
LINE: 260
CODE: case 'path':
LINE: 279
CODE: private function getPathByProduct($product_id) {
LINE: 396

FILE: catalog/controller/extension/feed/google_sitemap.php
CODE: $output .= '</urlset>';
LINE: 98

FILE: catalog/controller/information/sitemap.php
CODE: $this->load->model('catalog/information');
LINE: 119

FILE: catalog/view/theme/default/template/information/sitemap.tpl
CODE: <?php echo $content_bottom; ?>
LINE: 94

FILE: catalog/controller/common/content_top.php
CODE: $layout_id = 0;
LINE: 17

FILE: catalog/controller/common/content_bottom.php
CODE: $layout_id = 0;
LINE: 17

FILE: catalog/controller/common/column_left.php
CODE: $layout_id = 0;
LINE: 17

FILE: catalog/controller/common/column_right.php
CODE: $layout_id = 0;
LINE: 17
----------------------------------------------------------------
MOD: Newsletter Subscribe

FILE: catalog/model/account/customer.php
CODE: $customer_id = $this->db->getLastId();
LINE: 26
CODE: public function editNewsletter($newsletter) {
LINE: 133

FILE: admin/model/catalog/product.php
CODE: 'p.sort_order'
LINE: 409
----------------------------------------------------------------
2019-07-30 13:48:53 - MOD: Modification Default

FILE: system/engine/action.php
REGEX: ~(require|include)(_once)?\(([^)]+)~
LINE: 41

FILE: system/engine/loader.php
REGEX: ~(require|include)(_once)?\(([^)]+)~
LINE: 49
LINE: 108
LINE: 120
LINE: 165

FILE: system/library/config.php
REGEX: ~(require|include)(_once)?\(([^)]+)~
LINE: 23

FILE: system/library/language.php
REGEX: ~(require|include)(_once)?\(([^)]+)~
LINE: 38
LINE: 40
LINE: 49
LINE: 51
LINE: 60
LINE: 62

FILE: system/library/template/php.php
REGEX: ~(require|include)(_once)?\(([^)]+)~
LINE: 18

FILE: system/library/template/tiwg.php
REGEX: ~(require|include)(_once)?\(([^)]+)~
LINE: 24
----------------------------------------------------------------
MOD: OcStore 2.3.x track number

FILE: admin/controller/sale/order.php
CODE: $data['shipping_method'] = $order_info['shipping_method'];
LINE: 567
LINE: 942
CODE: public function history() {
LINE: 1545

FILE: admin/model/sale/order.php
CODE: $order_query->row['order_id'],
LINE: 96

FILE: catalog/model/checkout/order.php
CODE: $order_query->row['order_id'],
LINE: 170

FILE: admin/view/template/sale/order_info.tpl
CODE: <td><?php echo $text_reward; ?></td>
LINE: 100
CODE: <?php echo $footer; ?>
LINE: 700
CODE: $order_query->row['order_id'],
NOT FOUND - OPERATIONS ABORTED!

FILE: catalog/model/account/order.php
CODE: $order_query->row['order_id'],
LINE: 46

FILE: catalog/controller/account/order.php
CODE: if ($order_info['invoice_no']) {
LINE: 211

FILE: catalog/view/theme/default/template/account/order_info.tpl
CODE: <b><?php echo $text_shipping_method; ?></b> <?php echo $shipping_method; ?>
LINE: 40
----------------------------------------------------------------
MOD: Blog

FILE: admin/controller/common/column_left.php
CODE: $extension = array();
LINE: 200

FILE: catalog/controller/startup/seo_url.php
CODE: if ($query->row['query'] && $url[0]
LINE: 55
CODE: != 'category_id' && $url[0]
LINE: 55
CODE: $this->request->get['route'] = 'product/product';
LINE: 77
CODE: $this->request->get['route'] = 'product/category';
LINE: 83
CODE: ($data['route'] == 'information/information' && $key == 'information_id'))
NOT FOUND - OPERATIONS ABORTED!

FILE: catalog/controller/startup/seo_pro.php
CODE: $this->request->get['route'] = 'information/information';
LINE: 100
CODE: case 'product/product':
LINE: 196
CODE: case 'product/product/review':
LINE: 227
CODE: case 'order_id':
LINE: 260
CODE: case 'path':
LINE: 279
CODE: private function getPathByProduct($product_id) {
LINE: 396

FILE: catalog/controller/extension/feed/google_sitemap.php
CODE: $output .= '</urlset>';
LINE: 98

FILE: catalog/controller/information/sitemap.php
CODE: $this->load->model('catalog/information');
LINE: 119

FILE: catalog/view/theme/default/template/information/sitemap.tpl
CODE: <?php echo $content_bottom; ?>
LINE: 94

FILE: catalog/controller/common/content_top.php
CODE: $layout_id = 0;
LINE: 17

FILE: catalog/controller/common/content_bottom.php
CODE: $layout_id = 0;
LINE: 17

FILE: catalog/controller/common/column_left.php
CODE: $layout_id = 0;
LINE: 17

FILE: catalog/controller/common/column_right.php
CODE: $layout_id = 0;
LINE: 17
----------------------------------------------------------------
MOD: Newsletter Subscribe

FILE: catalog/model/account/customer.php
CODE: $customer_id = $this->db->getLastId();
LINE: 26
CODE: public function editNewsletter($newsletter) {
LINE: 133

FILE: admin/model/catalog/product.php
CODE: 'p.sort_order'
LINE: 409
----------------------------------------------------------------
